This is pdfTeX, Version 3.1415926-2.5-1.40.14 (TeX Live 2013/Debian) (format=pdflatex 2015.4.9)  12 JUN 2015 00:43
entering extended mode
 restricted \write18 enabled.
 %&-line parsing enabled.
**Manuscript_MAS_MG.tex
(./Manuscript_MAS_MG.tex
LaTeX2e <2011/06/27>
Babel <3.9h> and hyphenation patterns for 78 languages loaded.
(./elsarticle.cls
Document Class: elsarticle 2009/09/17, 1.20b: Elsevier Ltd
\@bls=\dimen102
(/usr/share/texlive/texmf-dist/tex/latex/base/article.cls
Document Class: article 2007/10/19 v1.4h Standard LaTeX document class
(/usr/share/texlive/texmf-dist/tex/latex/base/size10.clo
File: size10.clo 2007/10/19 v1.4h Standard LaTeX file (size option)
)
\c@part=\count79
\c@section=\count80
\c@subsection=\count81
\c@subsubsection=\count82
\c@paragraph=\count83
\c@subparagraph=\count84
\c@figure=\count85
\c@table=\count86
\abovecaptionskip=\skip41
\belowcaptionskip=\skip42
\bibindent=\dimen103
)
(/usr/share/texlive/texmf-dist/tex/latex/graphics/graphicx.sty
Package: graphicx 1999/02/16 v1.0f Enhanced LaTeX Graphics (DPC,SPQR)

(/usr/share/texlive/texmf-dist/tex/latex/graphics/keyval.sty
Package: keyval 1999/03/16 v1.13 key=value parser (DPC)
\KV@toks@=\toks14
)
(/usr/share/texlive/texmf-dist/tex/latex/graphics/graphics.sty
Package: graphics 2009/02/05 v1.0o Standard LaTeX Graphics (DPC,SPQR)

(/usr/share/texlive/texmf-dist/tex/latex/graphics/trig.sty
Package: trig 1999/03/16 v1.09 sin cos tan (DPC)
)
(/usr/share/texlive/texmf-dist/tex/latex/latexconfig/graphics.cfg
File: graphics.cfg 2010/04/23 v1.9 graphics configuration of TeX Live
)
Package graphics Info: Driver file: pdftex.def on input line 91.

(/usr/share/texlive/texmf-dist/tex/latex/pdftex-def/pdftex.def
File: pdftex.def 2011/05/27 v0.06d Graphics/color for pdfTeX

(/usr/share/texlive/texmf-dist/tex/generic/oberdiek/infwarerr.sty
Package: infwarerr 2010/04/08 v1.3 Providing info/warning/error messages (HO)
)
(/usr/share/texlive/texmf-dist/tex/generic/oberdiek/ltxcmds.sty
Package: ltxcmds 2011/11/09 v1.22 LaTeX kernel commands for general use (HO)
)
\Gread@gobject=\count87
))
\Gin@req@height=\dimen104
\Gin@req@width=\dimen105
)
(/usr/share/texlive/texmf-dist/tex/latex/psnfss/pifont.sty
Package: pifont 2005/04/12 PSNFSS-v9.2a Pi font support (SPQR) 
LaTeX Font Info:    Try loading font information for U+pzd on input line 63.

(/usr/share/texlive/texmf-dist/tex/latex/psnfss/upzd.fd
File: upzd.fd 2001/06/04 font definitions for U/pzd.
)
LaTeX Font Info:    Try loading font information for U+psy on input line 64.

(/usr/share/texlive/texmf-dist/tex/latex/psnfss/upsy.fd
File: upsy.fd 2001/06/04 font definitions for U/psy.
))
\c@tnote=\count88
\c@fnote=\count89
\c@cnote=\count90
\c@ead=\count91
\c@author=\count92
\@eadauthor=\toks15
\c@affn=\count93
\absbox=\box26
\keybox=\box27
\Columnwidth=\dimen106
\space@left=\dimen107
\els@boxa=\box28
\els@boxb=\box29
\leftMargin=\dimen108
\@enLab=\toks16
\@sep=\skip43
\@@sep=\skip44

(./Manuscript_MAS_MG.spl)
(/usr/share/texlive/texmf-dist/tex/latex/natbib/natbib.sty
Package: natbib 2010/09/13 8.31b (PWD, AO)
\bibhang=\skip45
\bibsep=\skip46
LaTeX Info: Redefining \cite on input line 694.
\c@NAT@ctr=\count94
)
\splwrite=\write3
\openout3 = `Manuscript_MAS_MG.spl'.

\appnamewidth=\dimen109
)
(/usr/share/texlive/texmf-dist/tex/latex/amsfonts/amssymb.sty
Package: amssymb 2013/01/14 v3.01 AMS font symbols

(/usr/share/texlive/texmf-dist/tex/latex/amsfonts/amsfonts.sty
Package: amsfonts 2013/01/14 v3.01 Basic AMSFonts support
\@emptytoks=\toks17
\symAMSa=\mathgroup4
\symAMSb=\mathgroup5
LaTeX Font Info:    Overwriting math alphabet `\mathfrak' in version `bold'
(Font)                  U/euf/m/n --> U/euf/b/n on input line 106.
))
(/usr/share/texlive/texmf-dist/tex/latex/caption/caption.sty
Package: caption 2013/05/02 v3.3-89 Customizing captions (AR)

(/usr/share/texlive/texmf-dist/tex/latex/caption/caption3.sty
Package: caption3 2013/05/02 v1.6-88 caption3 kernel (AR)
Package caption3 Info: TeX engine: e-TeX on input line 57.
\captionmargin=\dimen110
\captionmargin@=\dimen111
\captionwidth=\dimen112
\caption@tempdima=\dimen113
\caption@indent=\dimen114
\caption@parindent=\dimen115
\caption@hangindent=\dimen116
)
\c@ContinuedFloat=\count95
)
(/usr/share/texlive/texmf-dist/tex/latex/caption/subcaption.sty
Package: subcaption 2013/02/03 v1.1-62 Sub-captions (AR)
\c@subfigure=\count96
\c@subtable=\count97
)
(/usr/share/texlive/texmf-dist/tex/latex/rotating/rotating.sty
Package: rotating 2009/03/28 v2.16a rotated objects in LaTeX

(/usr/share/texlive/texmf-dist/tex/latex/base/ifthen.sty
Package: ifthen 2001/05/26 v1.1c Standard LaTeX ifthen package (DPC)
)
\c@r@tfl@t=\count98
\rotFPtop=\skip47
\rotFPbot=\skip48
\rot@float@box=\box30
\rot@mess@toks=\toks18
)
(/usr/share/texlive/texmf-dist/tex/latex/booktabs/booktabs.sty
Package: booktabs 2005/04/14 v1.61803 publication quality tables
\heavyrulewidth=\dimen117
\lightrulewidth=\dimen118
\cmidrulewidth=\dimen119
\belowrulesep=\dimen120
\belowbottomsep=\dimen121
\aboverulesep=\dimen122
\abovetopsep=\dimen123
\cmidrulesep=\dimen124
\cmidrulekern=\dimen125
\defaultaddspace=\dimen126
\@cmidla=\count99
\@cmidlb=\count100
\@aboverulesep=\dimen127
\@belowrulesep=\dimen128
\@thisruleclass=\count101
\@lastruleclass=\count102
\@thisrulewidth=\dimen129
) (./lineno.sty
Package: lineno 2005/11/02 line numbers on paragraphs v4.41
\linenopenalty=\count103
\output=\toks19
\linenoprevgraf=\count104
\linenumbersep=\dimen130
\linenumberwidth=\dimen131
\c@linenumber=\count105
\c@pagewiselinenumber=\count106
\c@LN@truepage=\count107
\c@internallinenumber=\count108
\c@internallinenumbers=\count109
\quotelinenumbersep=\dimen132
\bframerule=\dimen133
\bframesep=\dimen134
\bframebox=\box31
LaTeX Info: Redefining \\ on input line 3056.
)
(./algorithm2e.sty
Package: algorithm2e 2005/10/04 v3.9 algorithms environments
\c@AlgoLine=\count110
 (/usr/share/texlive/texmf-dist/tex/latex/tools/xspace.sty
Package: xspace 2009/10/20 v1.13 Space after command names (DPC,MH)
)
********************************************************
Package `algorithm2e' Release 3.9 -- october 04 2005 --
- algorithm2e-announce@lirmm.fr mailing list for announcement about releases
- algorithm2e-discussion@lirmm.fr mailing list for discussion about package
subscribe by emailing sympa@lirmm.fr with 'subscribe <list> <firstname name>'
- Author: Christophe Fiorio (fiorio@lirmm.fr)
********************************************************
\skiptotal=\skip49
\skiprule=\skip50
\skiphlne=\skip51
\skiptext=\skip52
\skiplength=\skip53
\algomargin=\skip54
\skipalgocfslide=\skip55
\algowidth=\dimen135
\inoutsize=\dimen136
\inoutline=\dimen137
\algocf@inoutbox=\box32
\algocf@inputbox=\box33
\AlCapSkip=\skip56
\AlCapHSkip=\skip57
\algocf@capbox=\box34
\c@algocfline=\count111
\c@algocf=\count112
\algocf@algoframe=\box35
\algocf@algobox=\box36
) (/usr/share/texlive/texmf-dist/tex/latex/hyperref/hyperref.sty
Package: hyperref 2012/11/06 v6.83m Hypertext links for LaTeX

(/usr/share/texlive/texmf-dist/tex/generic/oberdiek/hobsub-hyperref.sty
Package: hobsub-hyperref 2012/05/28 v1.13 Bundle oberdiek, subset hyperref (HO)


(/usr/share/texlive/texmf-dist/tex/generic/oberdiek/hobsub-generic.sty
Package: hobsub-generic 2012/05/28 v1.13 Bundle oberdiek, subset generic (HO)
Package: hobsub 2012/05/28 v1.13 Construct package bundles (HO)
Package hobsub Info: Skipping package `infwarerr' (already loaded).
Package hobsub Info: Skipping package `ltxcmds' (already loaded).
Package: ifluatex 2010/03/01 v1.3 Provides the ifluatex switch (HO)
Package ifluatex Info: LuaTeX not detected.
Package: ifvtex 2010/03/01 v1.5 Detect VTeX and its facilities (HO)
Package ifvtex Info: VTeX not detected.
Package: intcalc 2007/09/27 v1.1 Expandable calculations with integers (HO)
Package: ifpdf 2011/01/30 v2.3 Provides the ifpdf switch (HO)
Package ifpdf Info: pdfTeX in PDF mode is detected.
Package: etexcmds 2011/02/16 v1.5 Avoid name clashes with e-TeX commands (HO)
Package etexcmds Info: Could not find \expanded.
(etexcmds)             That can mean that you are not using pdfTeX 1.50 or
(etexcmds)             that some package has redefined \expanded.
(etexcmds)             In the latter case, load this package earlier.
Package: kvsetkeys 2012/04/25 v1.16 Key value parser (HO)
Package: kvdefinekeys 2011/04/07 v1.3 Define keys (HO)
Package: pdftexcmds 2011/11/29 v0.20 Utility functions of pdfTeX for LuaTeX (HO
)
Package pdftexcmds Info: LuaTeX not detected.
Package pdftexcmds Info: \pdf@primitive is available.
Package pdftexcmds Info: \pdf@ifprimitive is available.
Package pdftexcmds Info: \pdfdraftmode found.
Package: pdfescape 2011/11/25 v1.13 Implements pdfTeX's escape features (HO)
Package: bigintcalc 2012/04/08 v1.3 Expandable calculations on big integers (HO
)
Package: bitset 2011/01/30 v1.1 Handle bit-vector datatype (HO)
Package: uniquecounter 2011/01/30 v1.2 Provide unlimited unique counter (HO)
)
Package hobsub Info: Skipping package `hobsub' (already loaded).
Package: letltxmacro 2010/09/02 v1.4 Let assignment for LaTeX macros (HO)
Package: hopatch 2012/05/28 v1.2 Wrapper for package hooks (HO)
Package: xcolor-patch 2011/01/30 xcolor patch
Package: atveryend 2011/06/30 v1.8 Hooks at the very end of document (HO)
Package atveryend Info: \enddocument detected (standard20110627).
Package: atbegshi 2011/10/05 v1.16 At begin shipout hook (HO)
Package: refcount 2011/10/16 v3.4 Data extraction from label references (HO)
Package: hycolor 2011/01/30 v1.7 Color options for hyperref/bookmark (HO)
)
(/usr/share/texlive/texmf-dist/tex/generic/ifxetex/ifxetex.sty
Package: ifxetex 2010/09/12 v0.6 Provides ifxetex conditional
)
(/usr/share/texlive/texmf-dist/tex/latex/oberdiek/auxhook.sty
Package: auxhook 2011/03/04 v1.3 Hooks for auxiliary files (HO)
)
(/usr/share/texlive/texmf-dist/tex/latex/oberdiek/kvoptions.sty
Package: kvoptions 2011/06/30 v3.11 Key value format for package options (HO)
)
\@linkdim=\dimen138
\Hy@linkcounter=\count113
\Hy@pagecounter=\count114

(/usr/share/texlive/texmf-dist/tex/latex/hyperref/pd1enc.def
File: pd1enc.def 2012/11/06 v6.83m Hyperref: PDFDocEncoding definition (HO)
)
\Hy@SavedSpaceFactor=\count115

(/usr/share/texlive/texmf-dist/tex/latex/latexconfig/hyperref.cfg
File: hyperref.cfg 2002/06/06 v1.2 hyperref configuration of TeXLive
)
Package hyperref Info: Hyper figures OFF on input line 4443.
Package hyperref Info: Link nesting OFF on input line 4448.
Package hyperref Info: Hyper index ON on input line 4451.
Package hyperref Info: Plain pages OFF on input line 4458.
Package hyperref Info: Backreferencing OFF on input line 4463.
Package hyperref Info: Implicit mode ON; LaTeX internals redefined.
Package hyperref Info: Bookmarks ON on input line 4688.
\c@Hy@tempcnt=\count116

(/usr/share/texlive/texmf-dist/tex/latex/url/url.sty
\Urlmuskip=\muskip10
Package: url 2013/09/16  ver 3.4  Verb mode for urls, etc.
)
LaTeX Info: Redefining \url on input line 5041.
\XeTeXLinkMargin=\dimen139
\Fld@menulength=\count117
\Field@Width=\dimen140
\Fld@charsize=\dimen141
Package hyperref Info: Hyper figures OFF on input line 6295.
Package hyperref Info: Link nesting OFF on input line 6300.
Package hyperref Info: Hyper index ON on input line 6303.
Package hyperref Info: backreferencing OFF on input line 6310.
Package hyperref Info: Link coloring OFF on input line 6315.
Package hyperref Info: Link coloring with OCG OFF on input line 6320.
Package hyperref Info: PDF/A mode OFF on input line 6325.
LaTeX Info: Redefining \ref on input line 6365.
LaTeX Info: Redefining \pageref on input line 6369.
\Hy@abspage=\count118
\c@Item=\count119
\c@Hfootnote=\count120
)

Package hyperref Message: Driver: hpdftex.

(/usr/share/texlive/texmf-dist/tex/latex/hyperref/hpdftex.def
File: hpdftex.def 2012/11/06 v6.83m Hyperref driver for pdfTeX
\Fld@listcount=\count121
\c@bookmark@seq@number=\count122

(/usr/share/texlive/texmf-dist/tex/latex/oberdiek/rerunfilecheck.sty
Package: rerunfilecheck 2011/04/15 v1.7 Rerun checks for auxiliary files (HO)
Package uniquecounter Info: New unique counter `rerunfilecheck' on input line 2
82.
)
\Hy@SectionHShift=\skip58
)
Package hyperref Info: Option `colorlinks' set `true' on input line 27.

(/usr/share/texlive/texmf-dist/tex/latex/base/inputenc.sty
Package: inputenc 2008/03/30 v1.1d Input encoding file
\inpenc@prehook=\toks20
\inpenc@posthook=\toks21

(/usr/share/texlive/texmf-dist/tex/latex/base/latin1.def
File: latin1.def 2008/03/30 v1.1d Input encoding file
)) (./algorithmic.sty
Package: algorithmic 

Document Style `algorithmic' - environment
(/usr/share/texlive/texmf-dist/tex/latex/tools/calc.sty
Package: calc 2007/08/22 v4.3 Infix arithmetic (KKT,FJ)
\calc@Acount=\count123
\calc@Bcount=\count124
\calc@Adimen=\dimen142
\calc@Bdimen=\dimen143
\calc@Askip=\skip59
\calc@Bskip=\skip60
LaTeX Info: Redefining \setlength on input line 76.
LaTeX Info: Redefining \addtolength on input line 77.
\calc@Ccount=\count125
\calc@Cskip=\skip61
)
\c@ALC@line=\count126
\c@ALC@rem=\count127
\ALC@tlm=\skip62
)
(/usr/share/texlive/texmf-dist/tex/latex/amsmath/amsmath.sty
Package: amsmath 2013/01/14 v2.14 AMS math features
\@mathmargin=\skip63

For additional information on amsmath, use the `?' option.
(/usr/share/texlive/texmf-dist/tex/latex/amsmath/amstext.sty
Package: amstext 2000/06/29 v2.01

(/usr/share/texlive/texmf-dist/tex/latex/amsmath/amsgen.sty
File: amsgen.sty 1999/11/30 v2.0
\@emptytoks=\toks22
\ex@=\dimen144
))
(/usr/share/texlive/texmf-dist/tex/latex/amsmath/amsbsy.sty
Package: amsbsy 1999/11/29 v1.2d
\pmbraise@=\dimen145
)
(/usr/share/texlive/texmf-dist/tex/latex/amsmath/amsopn.sty
Package: amsopn 1999/12/14 v2.01 operator names
)
\inf@bad=\count128
LaTeX Info: Redefining \frac on input line 210.
\uproot@=\count129
\leftroot@=\count130
LaTeX Info: Redefining \overline on input line 306.
\classnum@=\count131
\DOTSCASE@=\count132
LaTeX Info: Redefining \ldots on input line 378.
LaTeX Info: Redefining \dots on input line 381.
LaTeX Info: Redefining \cdots on input line 466.
\Mathstrutbox@=\box37
\strutbox@=\box38
\big@size=\dimen146
LaTeX Font Info:    Redeclaring font encoding OML on input line 566.
LaTeX Font Info:    Redeclaring font encoding OMS on input line 567.
\macc@depth=\count133
\c@MaxMatrixCols=\count134
\dotsspace@=\muskip11
\c@parentequation=\count135
\dspbrk@lvl=\count136
\tag@help=\toks23
\row@=\count137
\column@=\count138
\maxfields@=\count139
\andhelp@=\toks24
\eqnshift@=\dimen147
\alignsep@=\dimen148
\tagshift@=\dimen149
\tagwidth@=\dimen150
\totwidth@=\dimen151
\lineht@=\dimen152
\@envbody=\toks25
\multlinegap=\skip64
\multlinetaggap=\skip65
\mathdisplay@stack=\toks26
LaTeX Info: Redefining \[ on input line 2665.
LaTeX Info: Redefining \] on input line 2666.
)
(./Manuscript_MAS_MG.aux)
\openout1 = `Manuscript_MAS_MG.aux'.

LaTeX Font Info:    Checking defaults for OML/cmm/m/it on input line 44.
LaTeX Font Info:    ... okay on input line 44.
LaTeX Font Info:    Checking defaults for T1/cmr/m/n on input line 44.
LaTeX Font Info:    ... okay on input line 44.
LaTeX Font Info:    Checking defaults for OT1/cmr/m/n on input line 44.
LaTeX Font Info:    ... okay on input line 44.
LaTeX Font Info:    Checking defaults for OMS/cmsy/m/n on input line 44.
LaTeX Font Info:    ... okay on input line 44.
LaTeX Font Info:    Checking defaults for OMX/cmex/m/n on input line 44.
LaTeX Font Info:    ... okay on input line 44.
LaTeX Font Info:    Checking defaults for U/cmr/m/n on input line 44.
LaTeX Font Info:    ... okay on input line 44.
LaTeX Font Info:    Checking defaults for PD1/pdf/m/n on input line 44.
LaTeX Font Info:    ... okay on input line 44.

(/usr/share/texlive/texmf-dist/tex/context/base/supp-pdf.mkii
[Loading MPS to PDF converter (version 2006.09.02).]
\scratchcounter=\count140
\scratchdimen=\dimen153
\scratchbox=\box39
\nofMPsegments=\count141
\nofMParguments=\count142
\everyMPshowfont=\toks27
\MPscratchCnt=\count143
\MPscratchDim=\dimen154
\MPnumerator=\count144
\makeMPintoPDFobject=\count145
\everyMPtoPDFconversion=\toks28
) (/usr/share/texlive/texmf-dist/tex/latex/oberdiek/epstopdf-base.sty
Package: epstopdf-base 2010/02/09 v2.5 Base part for package epstopdf

(/usr/share/texlive/texmf-dist/tex/latex/oberdiek/grfext.sty
Package: grfext 2010/08/19 v1.1 Manage graphics extensions (HO)
)
Package grfext Info: Graphics extension search list:
(grfext)             [.png,.pdf,.jpg,.mps,.jpeg,.jbig2,.jb2,.PNG,.PDF,.JPG,.JPE
G,.JBIG2,.JB2,.eps]
(grfext)             \AppendGraphicsExtensions on input line 452.

(/usr/share/texlive/texmf-dist/tex/latex/latexconfig/epstopdf-sys.cfg
File: epstopdf-sys.cfg 2010/07/13 v1.3 Configuration of (r)epstopdf for TeX Liv
e
))
Package caption Info: Begin \AtBeginDocument code.
Package caption Info: hyperref package is loaded.
Package caption Info: rotating package is loaded.
Package caption Info: End \AtBeginDocument code.
\AtBeginShipoutBox=\box40

(/usr/share/texlive/texmf-dist/tex/latex/graphics/color.sty
Package: color 2005/11/14 v1.0j Standard LaTeX Color (DPC)

(/usr/share/texlive/texmf-dist/tex/latex/latexconfig/color.cfg
File: color.cfg 2007/01/18 v1.5 color configuration of teTeX/TeXLive
)
Package color Info: Driver file: pdftex.def on input line 130.
)
Package hyperref Info: Link coloring ON on input line 44.

(/usr/share/texlive/texmf-dist/tex/latex/hyperref/nameref.sty
Package: nameref 2012/10/27 v2.43 Cross-referencing by name of section

(/usr/share/texlive/texmf-dist/tex/generic/oberdiek/gettitlestring.sty
Package: gettitlestring 2010/12/03 v1.4 Cleanup title references (HO)
)
\c@section@level=\count146
)
LaTeX Info: Redefining \ref on input line 44.
LaTeX Info: Redefining \pageref on input line 44.
LaTeX Info: Redefining \nameref on input line 44.

(./Manuscript_MAS_MG.out) (./Manuscript_MAS_MG.out)
\@outlinefile=\write4
\openout4 = `Manuscript_MAS_MG.out'.

LaTeX Font Info:    Try loading font information for U+msa on input line 101.

(/usr/share/texlive/texmf-dist/tex/latex/amsfonts/umsa.fd
File: umsa.fd 2013/01/14 v3.01 AMS symbols A
)
LaTeX Font Info:    Try loading font information for U+msb on input line 101.

(/usr/share/texlive/texmf-dist/tex/latex/amsfonts/umsb.fd
File: umsb.fd 2013/01/14 v3.01 AMS symbols B
)
Underfull \hbox (badness 10000) in paragraph at lines 112--112
[]\OT1/cmr/m/n/10 Passado ou
 []


Underfull \hbox (badness 3557) in paragraph at lines 112--112
\OT1/cmr/m/n/10 su-gir: These
 []


Underfull \hbox (badness 10000) in paragraph at lines 112--112
\OT1/cmr/m/n/10 tasks have
 []


Underfull \hbox (badness 10000) in paragraph at lines 112--112
\OT1/cmr/m/n/10 been car-ried
 []


Underfull \hbox (badness 10000) in paragraph at lines 112--112
\OT1/cmr/m/n/10 of ... ou
 []


Overfull \hbox (8.6674pt too wide) in paragraph at lines 111--118
\OT1/cmr/m/n/10 mainly pro-vided In-for-ma-tion and Com-mu-ni-ca-tion Tech-nolo
-gies (ICT), Dis-tributed
 []

[1


{/var/lib/texmf/fonts/map/pdftex/updmap/pdftex.map}]
<./figs/searchSCOPUS-MAS-SG.png, id=84, 400.49625pt x 256.96pt>
File: ./figs/searchSCOPUS-MAS-SG.png Graphic file (type png)

<use ./figs/searchSCOPUS-MAS-SG.png>
Package pdftex.def Info: ./figs/searchSCOPUS-MAS-SG.png used on input line 148.

(pdftex.def)             Requested size: 200.24763pt x 128.47968pt.
 [2]
<./figs/searchSCOPUS-MAS-MG.png, id=114, 398.48875pt x 256.96pt>
File: ./figs/searchSCOPUS-MAS-MG.png Graphic file (type png)

<use ./figs/searchSCOPUS-MAS-MG.png>
Package pdftex.def Info: ./figs/searchSCOPUS-MAS-MG.png used on input line 177.

(pdftex.def)             Requested size: 199.24388pt x 128.47968pt.
 [3 <./figs/searchSCOPUS-MAS-SG.png> <./figs/searchSCOPUS-MAS-MG.png>]
<./figs/HAM-HCF-relation.pdf, id=132, 922.64702pt x 363.75899pt>
File: ./figs/HAM-HCF-relation.pdf Graphic file (type pdf)

<use ./figs/HAM-HCF-relation.pdf>
Package pdftex.def Info: ./figs/HAM-HCF-relation.pdf used on input line 203.
(pdftex.def)             Requested size: 276.79623pt x 109.12854pt.
 [4 <./figs/HAM-HCF-relation.pdf>]
<./figs/smartGridFutureVision.jpg, id=160, 2055.68pt x 1239.63126pt>
File: ./figs/smartGridFutureVision.jpg Graphic file (type jpg)

<use ./figs/smartGridFutureVision.jpg>
Package pdftex.def Info: ./figs/smartGridFutureVision.jpg used on input line 23
7.
(pdftex.def)             Requested size: 287.79324pt x 173.5472pt.

Overfull \hbox (2.01445pt too wide) in paragraph at lines 241--255
[]\OT1/cmr/m/n/10 Different sub-systems will com-pose the fu-ture SG, as can be
 imag-ined through
 []

[5 <./figs/smartGridFutureVision.jpg>] [6]
LaTeX Font Info:    Try loading font information for OMS+cmr on input line 305.


(/usr/share/texlive/texmf-dist/tex/latex/base/omscmr.fd
File: omscmr.fd 1999/05/25 v2.5h Standard LaTeX font definitions
)
LaTeX Font Info:    Font shape `OMS/cmr/m/n' in size <10> not available
(Font)              Font shape `OMS/cmsy/m/n' tried instead on input line 305.

<./figs/genericAgenteArchitetura.pdf, id=238, 846.36201pt x 497.057pt>
File: ./figs/genericAgenteArchitetura.pdf Graphic file (type pdf)

<use ./figs/genericAgenteArchitetura.pdf>
Package pdftex.def Info: ./figs/genericAgenteArchitetura.pdf used on input line
 325.
(pdftex.def)             Requested size: 338.5388pt x 198.81927pt.
 [7] [8 <./figs/genericAgenteArchitetura.pdf>] <./figs/controlLevelsDimeas.pdf,
 id=282, 517.935pt x 467.34601pt>
File: ./figs/controlLevelsDimeas.pdf Graphic file (type pdf)

<use ./figs/controlLevelsDimeas.pdf>
Package pdftex.def Info: ./figs/controlLevelsDimeas.pdf used on input line 376.

(pdftex.def)             Requested size: 207.17032pt x 186.93509pt.
 [9 <./figs/controlLevelsDimeas.pdf>]
<./figs/MASStandAlone.pdf, id=311, 990.90201pt x 351.71399pt>
File: ./figs/MASStandAlone.pdf Graphic file (type pdf)

<use ./figs/MASStandAlone.pdf>
Package pdftex.def Info: ./figs/MASStandAlone.pdf used on input line 430.
(pdftex.def)             Requested size: 297.27289pt x 105.515pt.
 [10] [11 <./figs/MASStandAlone.pdf>]
<./figs/serviceRestoration.pdf, id=365, 917.82903pt x 254.55101pt>
File: ./figs/serviceRestoration.pdf Graphic file (type pdf)

<use ./figs/serviceRestoration.pdf>
Package pdftex.def Info: ./figs/serviceRestoration.pdf used on input line 522.
(pdftex.def)             Requested size: 321.24496pt x 89.09418pt.
 [12 <./figs/serviceRestoration.pdf>]
[13] [14]
Overfull \hbox (12.05624pt too wide) in paragraph at lines 621--623
[]\OT1/cmr/m/n/10 The au-thors would like to thank Brazil-ian agency CAPES, CNP
q (312276/2013-
 []

(./Manuscript_MAS_MG.bbl [15] [16]
Underfull \hbox (badness 4378) in paragraph at lines 168--173
\OT1/cmr/m/n/9 URL [][]$\OT1/cmtt/m/n/9 http : / / worldwide . espacenet . com 
/ publicationDetails / biblio ? FT = D &
 []

[17] [18] [19]
Underfull \hbox (badness 1521) in paragraph at lines 418--424
[]\OT1/cmr/m/n/9 O. Saa-da-tian, K. Sopian, E. Salleh, C. Lim, S. Rif-fat, E. S
aa-da-tian,
 []

[20] [21] [22] [23])
Package atveryend Info: Empty hook `BeforeClearDocument' on input line 714.
 [24]
Package atveryend Info: Empty hook `AfterLastShipout' on input line 714.
 (./Manuscript_MAS_MG.aux)
Package atveryend Info: Executing hook `AtVeryEndDocument' on input line 714.
Package atveryend Info: Executing hook `AtEndAfterFileList' on input line 714.
Package rerunfilecheck Info: File `Manuscript_MAS_MG.out' has not changed.
(rerunfilecheck)             Checksum: 140B371F0E01286087E1A161ED023449;722.
Package atveryend Info: Empty hook `AtVeryVeryEnd' on input line 714.
 ) 
Here is how much of TeX's memory you used:
 9675 strings out of 493304
 142884 string characters out of 6139872
 263835 words of memory out of 5000000
 12837 multiletter control sequences out of 15000+600000
 12962 words of font info for 50 fonts, out of 8000000 for 9000
 957 hyphenation exceptions out of 8191
 36i,9n,44p,294b,853s stack positions out of 5000i,500n,10000p,200000b,80000s
</usr/share/texlive/texmf-dist/fonts/type1/public/amsfonts/cm/cmbx10.pfb></us
r/share/texlive/texmf-dist/fonts/type1/public/amsfonts/cm/cmr10.pfb></usr/share
/texlive/texmf-dist/fonts/type1/public/amsfonts/cm/cmr12.pfb></usr/share/texliv
e/texmf-dist/fonts/type1/public/amsfonts/cm/cmr7.pfb></usr/share/texlive/texmf-
dist/fonts/type1/public/amsfonts/cm/cmr8.pfb></usr/share/texlive/texmf-dist/fon
ts/type1/public/amsfonts/cm/cmr9.pfb></usr/share/texlive/texmf-dist/fonts/type1
/public/amsfonts/cm/cmss8.pfb></usr/share/texlive/texmf-dist/fonts/type1/public
/amsfonts/cm/cmsy10.pfb></usr/share/texlive/texmf-dist/fonts/type1/public/amsfo
nts/cm/cmsy6.pfb></usr/share/texlive/texmf-dist/fonts/type1/public/amsfonts/cm/
cmsy7.pfb></usr/share/texlive/texmf-dist/fonts/type1/public/amsfonts/cm/cmti10.
pfb></usr/share/texlive/texmf-dist/fonts/type1/public/amsfonts/cm/cmti7.pfb></u
sr/share/texlive/texmf-dist/fonts/type1/public/amsfonts/cm/cmti8.pfb></usr/shar
e/texlive/texmf-dist/fonts/type1/public/amsfonts/cm/cmtt8.pfb></usr/share/texli
ve/texmf-dist/fonts/type1/public/amsfonts/cm/cmtt9.pfb>
Output written on Manuscript_MAS_MG.pdf (24 pages, 938471 bytes).
PDF statistics:
 753 PDF objects out of 1000 (max. 8388607)
 686 compressed objects within 7 object streams
 157 named destinations out of 1000 (max. 500000)
 129 words of extra memory for PDF output out of 10000 (max. 10000000)

